2019-08-19 15:10:33.2451||DEBUG|aspnetcoreapp.Program|init main 
2019-08-19 15:10:37.0981||INFO|Microsoft.AspNetCore.DataProtection.KeyManagement.XmlKeyManager|User profile is available. Using '/Users/mfink/.aspnet/DataProtection-Keys' as key repository; keys will not be encrypted at rest. 
2019-08-19 15:11:33.1688||DEBUG|aspnetcoreapp.Program|init main 
2019-08-19 15:11:33.7393||INFO|Microsoft.AspNetCore.DataProtection.KeyManagement.XmlKeyManager|User profile is available. Using '/Users/mfink/.aspnet/DataProtection-Keys' as key repository; keys will not be encrypted at rest. 
2019-08-19 15:11:42.9980|1|INFO|Microsoft.AspNetCore.Hosting.Internal.WebHost|Request starting HTTP/1.1 GET https://localhost:5001/   
2019-08-19 15:11:43.1136|0|INFO|Microsoft.AspNetCore.Routing.EndpointMiddleware|Executing endpoint 'Page: /Index' 
2019-08-19 15:11:43.3281|3|INFO|Microsoft.AspNetCore.Mvc.RazorPages.Internal.PageActionInvoker|Route matched with {page = "/Index"}. Executing page /Index 
2019-08-19 15:11:43.3453|101|INFO|Microsoft.AspNetCore.Mvc.RazorPages.Internal.PageActionInvoker|Executing handler method aspnetcoreapp.Pages.IndexModel.OnGet - ModelState is Valid 
2019-08-19 15:11:43.3453|102|INFO|Microsoft.AspNetCore.Mvc.RazorPages.Internal.PageActionInvoker|Executed handler method OnGet, returned result . 
2019-08-19 15:11:43.3481|103|INFO|Microsoft.AspNetCore.Mvc.RazorPages.Internal.PageActionInvoker|Executing an implicit handler method - ModelState is Valid 
2019-08-19 15:11:43.3484|104|INFO|Microsoft.AspNetCore.Mvc.RazorPages.Internal.PageActionInvoker|Executed an implicit handler method, returned result Microsoft.AspNetCore.Mvc.RazorPages.PageResult. 
2019-08-19 15:11:43.7017|4|INFO|Microsoft.AspNetCore.Mvc.RazorPages.Internal.PageActionInvoker|Executed page /Index in 371.0501ms 
2019-08-19 15:11:43.7017|1|INFO|Microsoft.AspNetCore.Routing.EndpointMiddleware|Executed endpoint 'Page: /Index' 
2019-08-19 15:11:43.7107|2|INFO|Microsoft.AspNetCore.Hosting.Internal.WebHost|Request finished in 713.105ms 200 text/html; charset=utf-8 
2019-08-19 15:11:43.7968|1|INFO|Microsoft.AspNetCore.Hosting.Internal.WebHost|Request starting HTTP/1.1 GET https://localhost:5001/lib/bootstrap/dist/css/bootstrap.css   
2019-08-19 15:11:43.9130|1|INFO|Microsoft.AspNetCore.Hosting.Internal.WebHost|Request starting HTTP/1.1 GET https://localhost:5001/css/site.css   
2019-08-19 15:11:43.9391|1|INFO|Microsoft.AspNetCore.Hosting.Internal.WebHost|Request starting HTTP/1.1 GET https://localhost:5001/js/site.js?v=dLGP40S79Xnx6GqUthRF6NWvjvhQ1nOvdVSwaNcgG18   
2019-08-19 15:11:43.9493|2|INFO|Microsoft.AspNetCore.StaticFiles.StaticFileMiddleware|Sending file. Request path: '/js/site.js'. Physical path: '/Users/mfink/tmp/aspnetcoreapp/wwwroot/js/site.js' 
2019-08-19 15:11:43.9508|2|INFO|Microsoft.AspNetCore.Hosting.Internal.WebHost|Request finished in 11.7202ms 200 application/javascript 
2019-08-19 15:11:43.9508|1|INFO|Microsoft.AspNetCore.Hosting.Internal.WebHost|Request starting HTTP/1.1 GET https://localhost:5001/lib/jquery/dist/jquery.js   
2019-08-19 15:11:43.9535|1|INFO|Microsoft.AspNetCore.Hosting.Internal.WebHost|Request starting HTTP/1.1 GET https://localhost:5001/lib/bootstrap/dist/js/bootstrap.bundle.js   
2019-08-19 15:11:44.0180|2|INFO|Microsoft.AspNetCore.StaticFiles.StaticFileMiddleware|Sending file. Request path: '/css/site.css'. Physical path: '/Users/mfink/tmp/aspnetcoreapp/wwwroot/css/site.css' 
2019-08-19 15:11:44.0185|2|INFO|Microsoft.AspNetCore.Hosting.Internal.WebHost|Request finished in 105.487ms 200 text/css 
2019-08-19 15:11:44.0373|2|INFO|Microsoft.AspNetCore.StaticFiles.StaticFileMiddleware|Sending file. Request path: '/lib/bootstrap/dist/css/bootstrap.css'. Physical path: '/Users/mfink/tmp/aspnetcoreapp/wwwroot/lib/bootstrap/dist/css/bootstrap.css' 
2019-08-19 15:11:44.0373|2|INFO|Microsoft.AspNetCore.Hosting.Internal.WebHost|Request finished in 240.9037ms 200 text/css 
2019-08-19 15:11:44.0631|2|INFO|Microsoft.AspNetCore.StaticFiles.StaticFileMiddleware|Sending file. Request path: '/lib/bootstrap/dist/js/bootstrap.bundle.js'. Physical path: '/Users/mfink/tmp/aspnetcoreapp/wwwroot/lib/bootstrap/dist/js/bootstrap.bundle.js' 
2019-08-19 15:11:44.0638|2|INFO|Microsoft.AspNetCore.Hosting.Internal.WebHost|Request finished in 110.2662ms 200 application/javascript 
2019-08-19 15:11:44.1031|2|INFO|Microsoft.AspNetCore.StaticFiles.StaticFileMiddleware|Sending file. Request path: '/lib/jquery/dist/jquery.js'. Physical path: '/Users/mfink/tmp/aspnetcoreapp/wwwroot/lib/jquery/dist/jquery.js' 
2019-08-19 15:11:44.1034|2|INFO|Microsoft.AspNetCore.Hosting.Internal.WebHost|Request finished in 152.2237ms 200 application/javascript 
2019-08-19 15:11:48.3278|1|INFO|Microsoft.AspNetCore.Hosting.Internal.WebHost|Request starting HTTP/1.1 GET https://localhost:5001/   
2019-08-19 15:11:48.3284|0|INFO|Microsoft.AspNetCore.Routing.EndpointMiddleware|Executing endpoint 'Page: /Index' 
2019-08-19 15:11:48.3340|3|INFO|Microsoft.AspNetCore.Mvc.RazorPages.Internal.PageActionInvoker|Route matched with {page = "/Index"}. Executing page /Index 
2019-08-19 15:11:48.3346|101|INFO|Microsoft.AspNetCore.Mvc.RazorPages.Internal.PageActionInvoker|Executing handler method aspnetcoreapp.Pages.IndexModel.OnGet - ModelState is Valid 
2019-08-19 15:11:48.3346|102|INFO|Microsoft.AspNetCore.Mvc.RazorPages.Internal.PageActionInvoker|Executed handler method OnGet, returned result . 
2019-08-19 15:11:48.3346|103|INFO|Microsoft.AspNetCore.Mvc.RazorPages.Internal.PageActionInvoker|Executing an implicit handler method - ModelState is Valid 
2019-08-19 15:11:48.3353|104|INFO|Microsoft.AspNetCore.Mvc.RazorPages.Internal.PageActionInvoker|Executed an implicit handler method, returned result Microsoft.AspNetCore.Mvc.RazorPages.PageResult. 
2019-08-19 15:11:48.3389|4|INFO|Microsoft.AspNetCore.Mvc.RazorPages.Internal.PageActionInvoker|Executed page /Index in 4.5737ms 
2019-08-19 15:11:48.3394|1|INFO|Microsoft.AspNetCore.Routing.EndpointMiddleware|Executed endpoint 'Page: /Index' 
2019-08-19 15:11:48.3394|2|INFO|Microsoft.AspNetCore.Hosting.Internal.WebHost|Request finished in 12.1233ms 200 text/html; charset=utf-8 
2019-08-19 15:11:49.1097|1|INFO|Microsoft.AspNetCore.Hosting.Internal.WebHost|Request starting HTTP/1.1 GET https://localhost:5001/   
2019-08-19 15:11:49.1097|0|INFO|Microsoft.AspNetCore.Routing.EndpointMiddleware|Executing endpoint 'Page: /Index' 
2019-08-19 15:11:49.1158|3|INFO|Microsoft.AspNetCore.Mvc.RazorPages.Internal.PageActionInvoker|Route matched with {page = "/Index"}. Executing page /Index 
2019-08-19 15:11:49.1164|101|INFO|Microsoft.AspNetCore.Mvc.RazorPages.Internal.PageActionInvoker|Executing handler method aspnetcoreapp.Pages.IndexModel.OnGet - ModelState is Valid 
2019-08-19 15:11:49.1164|102|INFO|Microsoft.AspNetCore.Mvc.RazorPages.Internal.PageActionInvoker|Executed handler method OnGet, returned result . 
2019-08-19 15:11:49.1164|103|INFO|Microsoft.AspNetCore.Mvc.RazorPages.Internal.PageActionInvoker|Executing an implicit handler method - ModelState is Valid 
2019-08-19 15:11:49.1164|104|INFO|Microsoft.AspNetCore.Mvc.RazorPages.Internal.PageActionInvoker|Executed an implicit handler method, returned result Microsoft.AspNetCore.Mvc.RazorPages.PageResult. 
2019-08-19 15:11:49.1181|4|INFO|Microsoft.AspNetCore.Mvc.RazorPages.Internal.PageActionInvoker|Executed page /Index in 1.719ms 
2019-08-19 15:11:49.1184|1|INFO|Microsoft.AspNetCore.Routing.EndpointMiddleware|Executed endpoint 'Page: /Index' 
2019-08-19 15:11:49.1184|2|INFO|Microsoft.AspNetCore.Hosting.Internal.WebHost|Request finished in 9.0542ms 200 text/html; charset=utf-8 
2019-08-19 15:11:49.4997|1|INFO|Microsoft.AspNetCore.Hosting.Internal.WebHost|Request starting HTTP/1.1 GET https://localhost:5001/   
2019-08-19 15:11:49.4997|0|INFO|Microsoft.AspNetCore.Routing.EndpointMiddleware|Executing endpoint 'Page: /Index' 
2019-08-19 15:11:49.5059|3|INFO|Microsoft.AspNetCore.Mvc.RazorPages.Internal.PageActionInvoker|Route matched with {page = "/Index"}. Executing page /Index 
2019-08-19 15:11:49.5063|101|INFO|Microsoft.AspNetCore.Mvc.RazorPages.Internal.PageActionInvoker|Executing handler method aspnetcoreapp.Pages.IndexModel.OnGet - ModelState is Valid 
2019-08-19 15:11:49.5063|102|INFO|Microsoft.AspNetCore.Mvc.RazorPages.Internal.PageActionInvoker|Executed handler method OnGet, returned result . 
2019-08-19 15:11:49.5063|103|INFO|Microsoft.AspNetCore.Mvc.RazorPages.Internal.PageActionInvoker|Executing an implicit handler method - ModelState is Valid 
2019-08-19 15:11:49.5073|104|INFO|Microsoft.AspNetCore.Mvc.RazorPages.Internal.PageActionInvoker|Executed an implicit handler method, returned result Microsoft.AspNetCore.Mvc.RazorPages.PageResult. 
2019-08-19 15:11:49.5085|4|INFO|Microsoft.AspNetCore.Mvc.RazorPages.Internal.PageActionInvoker|Executed page /Index in 2.2061ms 
2019-08-19 15:11:49.5085|1|INFO|Microsoft.AspNetCore.Routing.EndpointMiddleware|Executed endpoint 'Page: /Index' 
2019-08-19 15:11:49.5098|2|INFO|Microsoft.AspNetCore.Hosting.Internal.WebHost|Request finished in 9.9372ms 200 text/html; charset=utf-8 
2019-08-19 15:11:49.6395|1|INFO|Microsoft.AspNetCore.Hosting.Internal.WebHost|Request starting HTTP/1.1 GET https://localhost:5001/   
2019-08-19 15:11:49.6395|0|INFO|Microsoft.AspNetCore.Routing.EndpointMiddleware|Executing endpoint 'Page: /Index' 
2019-08-19 15:11:49.6418|3|INFO|Microsoft.AspNetCore.Mvc.RazorPages.Internal.PageActionInvoker|Route matched with {page = "/Index"}. Executing page /Index 
2019-08-19 15:11:49.6423|101|INFO|Microsoft.AspNetCore.Mvc.RazorPages.Internal.PageActionInvoker|Executing handler method aspnetcoreapp.Pages.IndexModel.OnGet - ModelState is Valid 
2019-08-19 15:11:49.6423|102|INFO|Microsoft.AspNetCore.Mvc.RazorPages.Internal.PageActionInvoker|Executed handler method OnGet, returned result . 
2019-08-19 15:11:49.6423|103|INFO|Microsoft.AspNetCore.Mvc.RazorPages.Internal.PageActionInvoker|Executing an implicit handler method - ModelState is Valid 
2019-08-19 15:11:49.6423|104|INFO|Microsoft.AspNetCore.Mvc.RazorPages.Internal.PageActionInvoker|Executed an implicit handler method, returned result Microsoft.AspNetCore.Mvc.RazorPages.PageResult. 
2019-08-19 15:11:49.6442|4|INFO|Microsoft.AspNetCore.Mvc.RazorPages.Internal.PageActionInvoker|Executed page /Index in 1.9479ms 
2019-08-19 15:11:49.6446|1|INFO|Microsoft.AspNetCore.Routing.EndpointMiddleware|Executed endpoint 'Page: /Index' 
2019-08-19 15:11:49.6446|2|INFO|Microsoft.AspNetCore.Hosting.Internal.WebHost|Request finished in 5.3119ms 200 text/html; charset=utf-8 
2019-08-19 15:11:49.7671|1|INFO|Microsoft.AspNetCore.Hosting.Internal.WebHost|Request starting HTTP/1.1 GET https://localhost:5001/   
2019-08-19 15:11:49.7695|0|INFO|Microsoft.AspNetCore.Routing.EndpointMiddleware|Executing endpoint 'Page: /Index' 
2019-08-19 15:11:49.7695|3|INFO|Microsoft.AspNetCore.Mvc.RazorPages.Internal.PageActionInvoker|Route matched with {page = "/Index"}. Executing page /Index 
2019-08-19 15:11:49.7695|101|INFO|Microsoft.AspNetCore.Mvc.RazorPages.Internal.PageActionInvoker|Executing handler method aspnetcoreapp.Pages.IndexModel.OnGet - ModelState is Valid 
2019-08-19 15:11:49.7705|102|INFO|Microsoft.AspNetCore.Mvc.RazorPages.Internal.PageActionInvoker|Executed handler method OnGet, returned result . 
2019-08-19 15:11:49.7705|103|INFO|Microsoft.AspNetCore.Mvc.RazorPages.Internal.PageActionInvoker|Executing an implicit handler method - ModelState is Valid 
2019-08-19 15:11:49.7705|104|INFO|Microsoft.AspNetCore.Mvc.RazorPages.Internal.PageActionInvoker|Executed an implicit handler method, returned result Microsoft.AspNetCore.Mvc.RazorPages.PageResult. 
2019-08-19 15:11:49.7720|4|INFO|Microsoft.AspNetCore.Mvc.RazorPages.Internal.PageActionInvoker|Executed page /Index in 1.8472ms 
2019-08-19 15:11:49.7723|1|INFO|Microsoft.AspNetCore.Routing.EndpointMiddleware|Executed endpoint 'Page: /Index' 
2019-08-19 15:11:49.7723|2|INFO|Microsoft.AspNetCore.Hosting.Internal.WebHost|Request finished in 5.6386ms 200 text/html; charset=utf-8 
2019-08-19 15:11:49.9209|1|INFO|Microsoft.AspNetCore.Hosting.Internal.WebHost|Request starting HTTP/1.1 GET https://localhost:5001/   
2019-08-19 15:11:49.9216|0|INFO|Microsoft.AspNetCore.Routing.EndpointMiddleware|Executing endpoint 'Page: /Index' 
2019-08-19 15:11:49.9234|3|INFO|Microsoft.AspNetCore.Mvc.RazorPages.Internal.PageActionInvoker|Route matched with {page = "/Index"}. Executing page /Index 
2019-08-19 15:11:49.9234|101|INFO|Microsoft.AspNetCore.Mvc.RazorPages.Internal.PageActionInvoker|Executing handler method aspnetcoreapp.Pages.IndexModel.OnGet - ModelState is Valid 
2019-08-19 15:11:49.9234|102|INFO|Microsoft.AspNetCore.Mvc.RazorPages.Internal.PageActionInvoker|Executed handler method OnGet, returned result . 
2019-08-19 15:11:49.9243|103|INFO|Microsoft.AspNetCore.Mvc.RazorPages.Internal.PageActionInvoker|Executing an implicit handler method - ModelState is Valid 
2019-08-19 15:11:49.9243|104|INFO|Microsoft.AspNetCore.Mvc.RazorPages.Internal.PageActionInvoker|Executed an implicit handler method, returned result Microsoft.AspNetCore.Mvc.RazorPages.PageResult. 
2019-08-19 15:11:49.9256|4|INFO|Microsoft.AspNetCore.Mvc.RazorPages.Internal.PageActionInvoker|Executed page /Index in 1.9271ms 
2019-08-19 15:11:49.9256|1|INFO|Microsoft.AspNetCore.Routing.EndpointMiddleware|Executed endpoint 'Page: /Index' 
2019-08-19 15:11:49.9265|2|INFO|Microsoft.AspNetCore.Hosting.Internal.WebHost|Request finished in 5.5754ms 200 text/html; charset=utf-8 
2019-08-19 15:11:50.0275|1|INFO|Microsoft.AspNetCore.Hosting.Internal.WebHost|Request starting HTTP/1.1 GET https://localhost:5001/   
2019-08-19 15:11:50.0275|0|INFO|Microsoft.AspNetCore.Routing.EndpointMiddleware|Executing endpoint 'Page: /Index' 
2019-08-19 15:11:50.0297|3|INFO|Microsoft.AspNetCore.Mvc.RazorPages.Internal.PageActionInvoker|Route matched with {page = "/Index"}. Executing page /Index 
2019-08-19 15:11:50.0297|101|INFO|Microsoft.AspNetCore.Mvc.RazorPages.Internal.PageActionInvoker|Executing handler method aspnetcoreapp.Pages.IndexModel.OnGet - ModelState is Valid 
2019-08-19 15:11:50.0304|102|INFO|Microsoft.AspNetCore.Mvc.RazorPages.Internal.PageActionInvoker|Executed handler method OnGet, returned result . 
2019-08-19 15:11:50.0304|103|INFO|Microsoft.AspNetCore.Mvc.RazorPages.Internal.PageActionInvoker|Executing an implicit handler method - ModelState is Valid 
2019-08-19 15:11:50.0304|104|INFO|Microsoft.AspNetCore.Mvc.RazorPages.Internal.PageActionInvoker|Executed an implicit handler method, returned result Microsoft.AspNetCore.Mvc.RazorPages.PageResult. 
2019-08-19 15:11:50.0320|4|INFO|Microsoft.AspNetCore.Mvc.RazorPages.Internal.PageActionInvoker|Executed page /Index in 2.0373ms 
2019-08-19 15:11:50.0324|1|INFO|Microsoft.AspNetCore.Routing.EndpointMiddleware|Executed endpoint 'Page: /Index' 
2019-08-19 15:11:50.0324|2|INFO|Microsoft.AspNetCore.Hosting.Internal.WebHost|Request finished in 5.2475ms 200 text/html; charset=utf-8 
2019-08-19 15:11:50.1909|1|INFO|Microsoft.AspNetCore.Hosting.Internal.WebHost|Request starting HTTP/1.1 GET https://localhost:5001/   
2019-08-19 15:11:50.1914|0|INFO|Microsoft.AspNetCore.Routing.EndpointMiddleware|Executing endpoint 'Page: /Index' 
2019-08-19 15:11:50.1914|3|INFO|Microsoft.AspNetCore.Mvc.RazorPages.Internal.PageActionInvoker|Route matched with {page = "/Index"}. Executing page /Index 
2019-08-19 15:11:50.1924|101|INFO|Microsoft.AspNetCore.Mvc.RazorPages.Internal.PageActionInvoker|Executing handler method aspnetcoreapp.Pages.IndexModel.OnGet - ModelState is Valid 
2019-08-19 15:11:50.1924|102|INFO|Microsoft.AspNetCore.Mvc.RazorPages.Internal.PageActionInvoker|Executed handler method OnGet, returned result . 
2019-08-19 15:11:50.1924|103|INFO|Microsoft.AspNetCore.Mvc.RazorPages.Internal.PageActionInvoker|Executing an implicit handler method - ModelState is Valid 
2019-08-19 15:11:50.1934|104|INFO|Microsoft.AspNetCore.Mvc.RazorPages.Internal.PageActionInvoker|Executed an implicit handler method, returned result Microsoft.AspNetCore.Mvc.RazorPages.PageResult. 
2019-08-19 15:11:50.1945|4|INFO|Microsoft.AspNetCore.Mvc.RazorPages.Internal.PageActionInvoker|Executed page /Index in 2.0997ms 
2019-08-19 15:11:50.1945|1|INFO|Microsoft.AspNetCore.Routing.EndpointMiddleware|Executed endpoint 'Page: /Index' 
2019-08-19 15:11:50.1945|2|INFO|Microsoft.AspNetCore.Hosting.Internal.WebHost|Request finished in 4.3018ms 200 text/html; charset=utf-8 
